app/build/intermediates/manifest_merge_blame_file/release/manifest-merger-blame-release-report.txt
1<?xml version="1.0" encoding="utf-8"?>
2<manifest xmlns:android="http://schemas.android.com/apk/res/android"
3    package="com.tglt.launcher.discreet"
4    android:versionCode="2"
5    android:versionName="2.0" >
6
7    <uses-sdk
8        android:minSdkVersion="21"
8-->src\main\AndroidManifest.xml
9        android:targetSdkVersion="30" />
9-->src\main\AndroidManifest.xml
10
11    <!-- Required for Android 11+ (<queries> not applicable for Launcher applications) -->
12    <uses-permission android:name="android.permission.QUERY_ALL_PACKAGES" />
12-->src\main\AndroidManifest.xml:7:5-8:53
12-->src\main\AndroidManifest.xml:7:22-74
13    <uses-permission android:name="android.permission.ACCESS_SUPERUSER" />
13-->src\main\AndroidManifest.xml:9:2-72
13-->src\main\AndroidManifest.xml:9:19-69
14    <uses-permission android:name="com.samsung.android.providers.context.permission.WRITE_USE_APP_FEATURE_SURVEY" />
14-->src\main\AndroidManifest.xml:10:2-113
14-->src\main\AndroidManifest.xml:10:19-111
15
16    <application
16-->src\main\AndroidManifest.xml:12:2-78:16
17        android:allowBackup="false"
17-->src\main\AndroidManifest.xml:13:3-30
18        android:appComponentFactory="androidx.core.app.CoreComponentFactory"
18-->[androidx.core:core:1.5.0] AndroidManifest.xml:24:18-86
19        android:icon="@mipmap/ic_launcher"
19-->src\main\AndroidManifest.xml:14:3-37
20        android:label="@string/app_name"
20-->src\main\AndroidManifest.xml:15:3-35
21        android:roundIcon="@mipmap/ic_launcher_round"
21-->src\main\AndroidManifest.xml:16:3-48
22        android:theme="@style/AppThemeTransparent" >
22-->src\main\AndroidManifest.xml:17:3-45
23        <activity
23-->src\main\AndroidManifest.xml:19:3-31:14
24            android:name="com.tglt.launcher.discreet.ActivityMain"
24-->src\main\AndroidManifest.xml:20:5-33
25            android:excludeFromRecents="true"
25-->src\main\AndroidManifest.xml:23:5-38
26            android:label="@string/app_name"
26-->src\main\AndroidManifest.xml:21:5-37
27            android:launchMode="singleTask" >
27-->src\main\AndroidManifest.xml:22:5-36
28            <intent-filter>
28-->src\main\AndroidManifest.xml:24:4-30:20
29                <action android:name="android.intent.action.MAIN" />
29-->src\main\AndroidManifest.xml:25:5-57
29-->src\main\AndroidManifest.xml:25:13-54
30
31                <category android:name="android.intent.category.LAUNCHER" />
31-->src\main\AndroidManifest.xml:27:5-65
31-->src\main\AndroidManifest.xml:27:15-62
32                <category android:name="android.intent.category.HOME" />
32-->src\main\AndroidManifest.xml:28:5-61
32-->src\main\AndroidManifest.xml:28:15-58
33                <category android:name="android.intent.category.DEFAULT" />
33-->src\main\AndroidManifest.xml:29:5-64
33-->src\main\AndroidManifest.xml:29:15-61
34            </intent-filter>
35        </activity>
36        <activity
36-->src\main\AndroidManifest.xml:33:9-37:46
37            android:name="com.tglt.launcher.discreet.ActivitySettings"
37-->src\main\AndroidManifest.xml:34:13-45
38            android:label="@string/settings_title"
38-->src\main\AndroidManifest.xml:35:13-51
39            android:parentActivityName="com.tglt.launcher.discreet.ActivityMain"
39-->src\main\AndroidManifest.xml:36:13-55
40            android:theme="@style/AppTheme" />
40-->src\main\AndroidManifest.xml:37:13-44
41        <activity
41-->src\main\AndroidManifest.xml:39:9-43:46
42            android:name="com.tglt.launcher.discreet.ActivityExportImport"
42-->src\main\AndroidManifest.xml:40:13-49
43            android:label="@string/export_import_title"
43-->src\main\AndroidManifest.xml:41:13-56
44            android:parentActivityName="com.tglt.launcher.discreet.ActivitySettings"
44-->src\main\AndroidManifest.xml:42:13-59
45            android:theme="@style/AppTheme" />
45-->src\main\AndroidManifest.xml:43:13-44
46        <activity
46-->src\main\AndroidManifest.xml:45:9-49:46
47            android:name="com.tglt.launcher.discreet.ActivityFavorites"
47-->src\main\AndroidManifest.xml:46:13-46
48            android:label="@string/button_manage_favorites"
48-->src\main\AndroidManifest.xml:47:13-60
49            android:parentActivityName="com.tglt.launcher.discreet.ActivityMain"
49-->src\main\AndroidManifest.xml:48:13-55
50            android:theme="@style/AppTheme" />
50-->src\main\AndroidManifest.xml:49:13-44
51        <activity
51-->src\main\AndroidManifest.xml:50:3-54:46
52            android:name="com.tglt.launcher.discreet.ActivityQuickBar"
52-->src\main\AndroidManifest.xml:51:13-45
53            android:label="@string/button_manage_quickbar"
53-->src\main\AndroidManifest.xml:52:13-59
54            android:parentActivityName="com.tglt.launcher.discreet.ActivityMain"
54-->src\main\AndroidManifest.xml:53:13-55
55            android:theme="@style/AppTheme" />
55-->src\main\AndroidManifest.xml:54:13-44
56        <activity
56-->src\main\AndroidManifest.xml:56:9-60:46
57            android:name="com.tglt.launcher.discreet.ActivityFolders"
57-->src\main\AndroidManifest.xml:57:13-44
58            android:label="@string/button_organize_folders"
58-->src\main\AndroidManifest.xml:58:13-60
59            android:parentActivityName="com.tglt.launcher.discreet.ActivityMain"
59-->src\main\AndroidManifest.xml:59:13-55
60            android:theme="@style/AppTheme" />
60-->src\main\AndroidManifest.xml:60:13-44
61        <activity
61-->src\main\AndroidManifest.xml:62:9-70:20
62            android:name="com.tglt.launcher.discreet.events.ShortcutListener"
62-->src\main\AndroidManifest.xml:63:13-52
63            android:excludeFromRecents="true"
63-->src\main\AndroidManifest.xml:65:13-46
64            android:parentActivityName="com.tglt.launcher.discreet.ActivityMain" >
64-->src\main\AndroidManifest.xml:64:13-55
65            <intent-filter>
65-->src\main\AndroidManifest.xml:66:13-69:29
66                <action android:name="android.content.pm.action.CONFIRM_PIN_SHORTCUT" />
66-->src\main\AndroidManifest.xml:67:17-89
66-->src\main\AndroidManifest.xml:67:25-86
67
68                <category android:name="android.intent.category.DEFAULT" />
68-->src\main\AndroidManifest.xml:29:5-64
68-->src\main\AndroidManifest.xml:29:15-61
69            </intent-filter>
70        </activity>
71        <activity
71-->src\main\AndroidManifest.xml:72:9-76:20
72            android:name="com.tglt.launcher.discreet.events.NotificationListener"
72-->src\main\AndroidManifest.xml:73:13-56
73            android:excludeFromRecents="true"
73-->src\main\AndroidManifest.xml:75:13-46
74            android:theme="@android:style/Theme.Translucent.NoTitleBar" >
74-->src\main\AndroidManifest.xml:74:13-72
75        </activity>
76    </application>
77
78</manifest>